2025-04-11 23:37:32,804 | systemd.core | ERROR | [core] Dependency not found
2025-04-11 23:37:32,804 | systemd.core | ERROR | [core] Dependency not found
2025-04-11 23:37:32,805 | systemd.core | ERROR | [core] Service failed
2025-04-11 23:37:32,805 | systemd.core | ERROR | [core] Dependency not found
2025-04-11 23:37:32,805 | systemd.core | ERROR | [core] Service failed
2025-04-11 23:37:32,805 | systemd.core | ERROR | [core] Dependency not found
2025-04-11 23:37:32,805 | systemd.core | ERROR | [core] Service failed
2025-04-11 23:37:32,806 | systemd.core | ERROR | [core] Dependency not found
2025-04-11 23:37:32,806 | systemd.core | ERROR | [core] Service failed
2025-04-11 23:37:32,806 | systemd.core | CRITICAL | [core] Kernel panic
2025-04-11 23:37:32,806 | systemd.core.performance | CRITICAL | [perf] System target not reached
2025-04-11 23:37:32,807 | systemd.core | ERROR | [core] Service failed
2025-04-11 23:37:32,807 | systemd.core | ERROR | [core] Service failed
2025-04-11 23:37:32,807 | systemd.core | ERROR | [core] Dependency not found
2025-04-11 23:37:32,807 | systemd.core | ERROR | [core] Dependency not found
2025-04-11 23:37:32,808 | systemd.core.performance | CRITICAL | [perf] System target not reached
2025-04-11 23:37:32,808 | systemd.core | ERROR | [core] Service failed
2025-04-11 23:37:32,808 | systemd.core | ERROR | [core] Dependency not found
2025-04-11 23:37:32,808 | systemd.core | CRITICAL | [core] System target not reached
2025-04-11 23:37:32,808 | systemd.core.performance | CRITICAL | [perf] System target not reached
2025-04-11 23:37:32,808 | systemd.core | CRITICAL | [core] Kernel panic
2025-04-11 23:37:32,808 | systemd.core.performance | CRITICAL | [perf] System target not reached
2025-04-11 23:37:32,809 | systemd.core | ERROR | [core] Service failed
2025-04-11 23:37:32,809 | systemd.core | ERROR | [core] Service failed
2025-04-11 23:37:32,810 | systemd.core | CRITICAL | [core] Kernel panic
2025-04-11 23:37:32,810 | systemd.core | ERROR | [core] Dependency not found
2025-04-11 23:37:32,810 | systemd.core.performance | CRITICAL | [perf] System target not reached
2025-04-11 23:37:32,811 | systemd.core | ERROR | [core] Dependency not found
2025-04-11 23:37:32,811 | systemd.core | CRITICAL | [core] Kernel panic
2025-04-11 23:37:32,811 | systemd.core | ERROR | [core] Service failed
2025-04-11 23:37:32,812 | systemd.core | ERROR | [core] Service failed
2025-04-11 23:37:32,812 | systemd.core | ERROR | [core] Service failed
2025-04-11 23:37:32,812 | systemd.core | ERROR | [core] Dependency not found
2025-04-11 23:37:32,812 | systemd.core.performance | CRITICAL | [perf] Kernel panic
2025-04-11 23:37:32,812 | systemd.core | ERROR | [core] Dependency not found
2025-04-11 23:37:32,812 | systemd.core.performance | CRITICAL | [perf] System target not reached
2025-04-11 23:37:32,812 | systemd.core.performance | CRITICAL | [perf] System target not reached
2025-04-11 23:37:32,812 | systemd.core | CRITICAL | [core] System target not reached
2025-04-11 23:37:32,813 | systemd.core | ERROR | [core] Service failed
2025-04-11 23:37:32,813 | systemd.core | ERROR | [core] Dependency not found
2025-04-11 23:37:32,813 | systemd.core | ERROR | [core] Dependency not found
2025-04-11 23:37:32,814 | systemd.core | ERROR | [core] Service failed
2025-04-11 23:37:32,814 | systemd.core | CRITICAL | [core] System target not reached
2025-04-11 23:37:32,814 | systemd.core.performance | CRITICAL | [perf] Kernel panic
2025-04-11 23:37:32,814 | systemd.core.performance | CRITICAL | [perf] System target not reached
2025-04-11 23:37:32,815 | systemd.core | ERROR | [core] Dependency not found
2025-04-11 23:37:32,815 | systemd.core | CRITICAL | [core] System target not reached
2025-04-11 23:37:32,815 | systemd.core | ERROR | [core] Service failed
2025-04-11 23:37:32,815 | systemd.core.performance | CRITICAL | [perf] Kernel panic
2025-04-11 23:37:32,816 | systemd.core | ERROR | [core] Dependency not found
2025-04-11 23:37:32,816 | systemd.core.performance | CRITICAL | [perf] Kernel panic
2025-04-11 23:37:32,816 | systemd.core | ERROR | [core] Service failed
2025-04-11 23:37:32,816 | systemd.core | ERROR | [core] Dependency not found
2025-04-11 23:37:32,817 | systemd.core.performance | CRITICAL | [perf] Kernel panic
2025-04-11 23:37:32,817 | systemd.core | ERROR | [core] Dependency not found
2025-04-11 23:37:32,817 | systemd.core | CRITICAL | [core] System target not reached
2025-04-11 23:37:32,817 | systemd.core.performance | CRITICAL | [perf] System target not reached
2025-04-11 23:37:32,818 | systemd.core | CRITICAL | [core] Kernel panic
2025-04-11 23:37:32,818 | systemd.core.performance | CRITICAL | [perf] System target not reached
2025-04-11 23:37:32,818 | systemd.core | CRITICAL | [core] System target not reached
2025-04-11 23:37:32,818 | systemd.core.performance | CRITICAL | [perf] Kernel panic
