2025-04-11 23:32:46,869 | systemd.core.performance | CRITICAL | systemd critical 0
2025-04-11 23:32:46,869 | systemd.core.performance | CRITICAL | systemd critical 0
2025-04-11 23:32:46,869 | systemd.core.performance | CRITICAL | systemd critical 0
2025-04-11 23:32:46,869 | systemd.core.performance | CRITICAL | systemd critical 0
2025-04-11 23:32:46,869 | systemd.core.performance | CRITICAL | systemd critical 0
2025-04-11 23:32:46,869 | systemd.core.performance | CRITICAL | systemd critical 0
2025-04-11 23:32:46,869 | systemd.core.performance | CRITICAL | systemd critical 0
2025-04-11 23:32:46,870 | systemd.core.performance | CRITICAL | systemd critical 0
2025-04-11 23:32:46,870 | systemd.core.performance | CRITICAL | systemd critical 0
2025-04-11 23:32:46,870 | systemd.core.performance | CRITICAL | systemd critical 0
2025-04-11 23:32:46,870 | systemd.core.performance | CRITICAL | systemd critical 0
2025-04-11 23:32:46,870 | systemd.core.performance | CRITICAL | systemd critical 0
2025-04-11 23:32:46,870 | systemd.core.performance | CRITICAL | systemd critical 0
2025-04-11 23:32:46,870 | systemd.core.performance | CRITICAL | systemd critical 0
2025-04-11 23:32:46,871 | systemd.core.performance | CRITICAL | systemd critical 0
2025-04-11 23:32:46,871 | systemd.core.performance | CRITICAL | systemd critical 0
2025-04-11 23:32:46,871 | systemd.core.performance | CRITICAL | systemd critical 0
2025-04-11 23:32:46,871 | systemd.core.performance | CRITICAL | systemd critical 0
2025-04-11 23:32:46,871 | systemd.core.performance | CRITICAL | systemd critical 0
2025-04-11 23:32:46,872 | systemd.core.performance | CRITICAL | systemd critical 0
2025-04-11 23:32:46,872 | systemd.core.performance | CRITICAL | systemd critical 0
2025-04-11 23:32:46,872 | systemd.core.performance | CRITICAL | systemd critical 0
2025-04-11 23:32:46,872 | systemd.core.performance | CRITICAL | systemd critical 0
2025-04-11 23:32:46,872 | systemd.core.performance | CRITICAL | systemd critical 0
2025-04-11 23:32:46,873 | systemd.core.performance | CRITICAL | systemd critical 0
2025-04-11 23:32:46,873 | systemd.core.performance | CRITICAL | systemd critical 0
2025-04-11 23:32:46,873 | systemd.core.performance | CRITICAL | systemd critical 0
2025-04-11 23:32:46,873 | systemd.core.performance | CRITICAL | systemd critical 0
2025-04-11 23:32:46,873 | systemd.core.performance | CRITICAL | systemd critical 0
2025-04-11 23:32:46,873 | systemd.core.performance | CRITICAL | systemd critical 0
2025-04-11 23:32:46,873 | systemd.core.performance | CRITICAL | systemd critical 0
2025-04-11 23:32:46,873 | systemd.core.performance | CRITICAL | systemd critical 0
2025-04-11 23:32:46,874 | systemd.core.performance | CRITICAL | systemd critical 0
2025-04-11 23:32:46,874 | systemd.core.performance | CRITICAL | systemd critical 0
2025-04-11 23:32:46,874 | systemd.core.performance | CRITICAL | systemd critical 0
2025-04-11 23:32:46,874 | systemd.core.performance | CRITICAL | systemd critical 0
2025-04-11 23:32:46,874 | systemd.core.performance | CRITICAL | systemd critical 0
2025-04-11 23:32:46,874 | systemd.core.performance | CRITICAL | systemd critical 0
2025-04-11 23:32:46,874 | systemd.core.performance | CRITICAL | systemd critical 0
2025-04-11 23:32:46,874 | systemd.core.performance | CRITICAL | systemd critical 0
2025-04-11 23:32:46,874 | systemd.core.performance | CRITICAL | systemd critical 0
2025-04-11 23:35:05,176 | systemd.core.performance | CRITICAL | System target not reached
2025-04-11 23:35:05,181 | systemd.core.performance | CRITICAL | System target not reached
2025-04-11 23:35:05,181 | systemd.core.performance | CRITICAL | System target not reached
2025-04-11 23:35:05,181 | systemd.core.performance | CRITICAL | System target not reached
2025-04-11 23:35:05,182 | systemd.core.performance | CRITICAL | Kernel panic
2025-04-11 23:35:05,182 | systemd.core.performance | CRITICAL | Kernel panic
2025-04-11 23:35:05,182 | systemd.core.performance | CRITICAL | System target not reached
2025-04-11 23:35:05,182 | systemd.core.performance | CRITICAL | System target not reached
2025-04-11 23:35:05,182 | systemd.core.performance | CRITICAL | System target not reached
2025-04-11 23:35:05,182 | systemd.core.performance | CRITICAL | Kernel panic
2025-04-11 23:35:05,183 | systemd.core.performance | CRITICAL | System target not reached
2025-04-11 23:35:05,183 | systemd.core.performance | CRITICAL | System target not reached
2025-04-11 23:35:05,183 | systemd.core.performance | CRITICAL | Kernel panic
2025-04-11 23:35:05,183 | systemd.core.performance | CRITICAL | Kernel panic
2025-04-11 23:35:05,183 | systemd.core.performance | CRITICAL | System target not reached
2025-04-11 23:35:05,184 | systemd.core.performance | CRITICAL | System target not reached
2025-04-11 23:35:05,184 | systemd.core.performance | CRITICAL | System target not reached
2025-04-11 23:35:05,184 | systemd.core.performance | CRITICAL | System target not reached
2025-04-11 23:35:05,184 | systemd.core.performance | CRITICAL | Kernel panic
2025-04-11 23:35:05,184 | systemd.core.performance | CRITICAL | System target not reached
2025-04-11 23:35:05,184 | systemd.core.performance | CRITICAL | Kernel panic
2025-04-11 23:35:05,185 | systemd.core.performance | CRITICAL | System target not reached
2025-04-11 23:35:05,185 | systemd.core.performance | CRITICAL | System target not reached
2025-04-11 23:35:05,185 | systemd.core.performance | CRITICAL | System target not reached
2025-04-11 23:35:05,185 | systemd.core.performance | CRITICAL | Kernel panic
2025-04-11 23:35:05,185 | systemd.core.performance | CRITICAL | Kernel panic
2025-04-11 23:35:05,185 | systemd.core.performance | CRITICAL | Kernel panic
2025-04-11 23:35:05,186 | systemd.core.performance | CRITICAL | Kernel panic
2025-04-11 23:35:05,186 | systemd.core.performance | CRITICAL | Kernel panic
2025-04-11 23:35:05,186 | systemd.core.performance | CRITICAL | Kernel panic
2025-04-11 23:35:05,186 | systemd.core.performance | CRITICAL | Kernel panic
2025-04-11 23:35:05,186 | systemd.core.performance | CRITICAL | System target not reached
2025-04-11 23:35:05,187 | systemd.core.performance | CRITICAL | System target not reached
2025-04-11 23:35:05,187 | systemd.core.performance | CRITICAL | System target not reached
2025-04-11 23:35:05,187 | systemd.core.performance | CRITICAL | System target not reached
2025-04-11 23:35:05,187 | systemd.core.performance | CRITICAL | Kernel panic
2025-04-11 23:35:05,187 | systemd.core.performance | CRITICAL | Kernel panic
2025-04-11 23:35:05,187 | systemd.core.performance | CRITICAL | System target not reached
2025-04-11 23:35:05,188 | systemd.core.performance | CRITICAL | System target not reached
2025-04-11 23:35:05,188 | systemd.core.performance | CRITICAL | System target not reached
2025-04-11 23:35:05,188 | systemd.core.performance | CRITICAL | System target not reached
2025-04-11 23:35:05,188 | systemd.core.performance | CRITICAL | Kernel panic
2025-04-11 23:35:05,188 | systemd.core.performance | CRITICAL | System target not reached
2025-04-11 23:37:32,803 | systemd | WARNING | [root] Unit restart scheduled
2025-04-11 23:37:32,803 | systemd | INFO | [root] Service started
2025-04-11 23:37:32,803 | systemd | INFO | [root] Unit loaded
2025-04-11 23:37:32,804 | systemd | WARNING | [root] Timer delay exceeded
2025-04-11 23:37:32,804 | systemd.core | ERROR | [core] Dependency not found
2025-04-11 23:37:32,804 | systemd | INFO | [root] Service started
2025-04-11 23:37:32,804 | systemd | CRITICAL | [root] Kernel panic
2025-04-11 23:37:32,804 | systemd | INFO | [root] Timer activated
2025-04-11 23:37:32,804 | systemd | WARNING | [root] Unit restart scheduled
2025-04-11 23:37:32,804 | systemd | WARNING | [root] Timer delay exceeded
2025-04-11 23:37:32,804 | systemd | CRITICAL | [root] Kernel panic
2025-04-11 23:37:32,804 | systemd.core | ERROR | [core] Dependency not found
2025-04-11 23:37:32,805 | systemd | WARNING | [root] Unit restart scheduled
2025-04-11 23:37:32,805 | systemd | ERROR | [root] Service failed
2025-04-11 23:37:32,805 | systemd.core | ERROR | [core] Service failed
2025-04-11 23:37:32,805 | systemd | CRITICAL | [root] Kernel panic
2025-04-11 23:37:32,805 | systemd.core | ERROR | [core] Dependency not found
2025-04-11 23:37:32,805 | systemd | WARNING | [root] Unit restart scheduled
2025-04-11 23:37:32,805 | systemd | INFO | [root] Timer activated
2025-04-11 23:37:32,805 | systemd | ERROR | [root] Service failed
2025-04-11 23:37:32,805 | systemd.core | ERROR | [core] Service failed
2025-04-11 23:37:32,805 | systemd | INFO | [root] Unit loaded
2025-04-11 23:37:32,805 | systemd | WARNING | [root] Timer delay exceeded
2025-04-11 23:37:32,805 | systemd | CRITICAL | [root] Kernel panic
2025-04-11 23:37:32,805 | systemd.core | ERROR | [core] Dependency not found
2025-04-11 23:37:32,805 | systemd | CRITICAL | [root] System target not reached
2025-04-11 23:37:32,805 | systemd | INFO | [root] Unit loaded
2025-04-11 23:37:32,805 | systemd.core | ERROR | [core] Service failed
2025-04-11 23:37:32,805 | systemd | INFO | [root] Timer activated
2025-04-11 23:37:32,806 | systemd | INFO | [root] Unit loaded
2025-04-11 23:37:32,806 | systemd | INFO | [root] Timer activated
2025-04-11 23:37:32,806 | systemd | WARNING | [root] Unit restart scheduled
2025-04-11 23:37:32,806 | systemd | ERROR | [root] Dependency not found
2025-04-11 23:37:32,806 | systemd.core | ERROR | [core] Dependency not found
2025-04-11 23:37:32,806 | systemd | CRITICAL | [root] System target not reached
2025-04-11 23:37:32,806 | systemd.core | ERROR | [core] Service failed
2025-04-11 23:37:32,806 | systemd | INFO | [root] Timer activated
2025-04-11 23:37:32,806 | systemd.core | CRITICAL | [core] Kernel panic
2025-04-11 23:37:32,806 | systemd | WARNING | [root] Timer delay exceeded
2025-04-11 23:37:32,806 | systemd | WARNING | [root] Timer delay exceeded
2025-04-11 23:37:32,806 | systemd.core.performance | CRITICAL | [perf] System target not reached
2025-04-11 23:37:32,806 | systemd | ERROR | [root] Dependency not found
2025-04-11 23:37:32,806 | systemd | WARNING | [root] Timer delay exceeded
2025-04-11 23:37:32,806 | systemd | INFO | [root] Unit loaded
2025-04-11 23:37:32,806 | systemd | INFO | [root] Unit loaded
2025-04-11 23:37:32,806 | systemd | INFO | [root] Timer activated
2025-04-11 23:37:32,806 | systemd | INFO | [root] Timer activated
2025-04-11 23:37:32,807 | systemd | INFO | [root] Timer activated
2025-04-11 23:37:32,807 | systemd | INFO | [root] Unit loaded
2025-04-11 23:37:32,807 | systemd.core | ERROR | [core] Service failed
2025-04-11 23:37:32,807 | systemd | WARNING | [root] Timer delay exceeded
2025-04-11 23:37:32,807 | systemd | INFO | [root] Service started
2025-04-11 23:37:32,807 | systemd.core | ERROR | [core] Service failed
2025-04-11 23:37:32,807 | systemd | WARNING | [root] Unit restart scheduled
2025-04-11 23:37:32,807 | systemd | WARNING | [root] Unit restart scheduled
2025-04-11 23:37:32,807 | systemd | INFO | [root] Unit loaded
2025-04-11 23:37:32,807 | systemd.core | ERROR | [core] Dependency not found
2025-04-11 23:37:32,807 | systemd | ERROR | [root] Service failed
2025-04-11 23:37:32,807 | systemd.core | ERROR | [core] Dependency not found
2025-04-11 23:37:32,808 | systemd | INFO | [root] Unit loaded
2025-04-11 23:37:32,808 | systemd | WARNING | [root] Unit restart scheduled
2025-04-11 23:37:32,808 | systemd | ERROR | [root] Dependency not found
2025-04-11 23:37:32,808 | systemd.core.performance | CRITICAL | [perf] System target not reached
2025-04-11 23:37:32,808 | systemd | INFO | [root] Service started
2025-04-11 23:37:32,808 | systemd.core | ERROR | [core] Service failed
2025-04-11 23:37:32,808 | systemd | WARNING | [root] Unit restart scheduled
2025-04-11 23:37:32,808 | systemd.core | ERROR | [core] Dependency not found
2025-04-11 23:37:32,808 | systemd | WARNING | [root] Unit restart scheduled
2025-04-11 23:37:32,808 | systemd.core | CRITICAL | [core] System target not reached
2025-04-11 23:37:32,808 | systemd.core.performance | CRITICAL | [perf] System target not reached
2025-04-11 23:37:32,808 | systemd | INFO | [root] Timer activated
2025-04-11 23:37:32,808 | systemd | CRITICAL | [root] System target not reached
2025-04-11 23:37:32,808 | systemd.core | CRITICAL | [core] Kernel panic
2025-04-11 23:37:32,808 | systemd.core.performance | CRITICAL | [perf] System target not reached
2025-04-11 23:37:32,809 | systemd | WARNING | [root] Timer delay exceeded
2025-04-11 23:37:32,809 | systemd | WARNING | [root] Unit restart scheduled
2025-04-11 23:37:32,809 | systemd | ERROR | [root] Dependency not found
2025-04-11 23:37:32,809 | systemd | INFO | [root] Unit loaded
2025-04-11 23:37:32,809 | systemd.core | ERROR | [core] Service failed
2025-04-11 23:37:32,809 | systemd | WARNING | [root] Unit restart scheduled
2025-04-11 23:37:32,809 | systemd | WARNING | [root] Timer delay exceeded
2025-04-11 23:37:32,809 | systemd | CRITICAL | [root] Kernel panic
2025-04-11 23:37:32,809 | systemd | WARNING | [root] Timer delay exceeded
2025-04-11 23:37:32,809 | systemd.core | ERROR | [core] Service failed
2025-04-11 23:37:32,810 | systemd | INFO | [root] Timer activated
2025-04-11 23:37:32,810 | systemd | CRITICAL | [root] Kernel panic
2025-04-11 23:37:32,810 | systemd | ERROR | [root] Dependency not found
2025-04-11 23:37:32,810 | systemd.core | CRITICAL | [core] Kernel panic
2025-04-11 23:37:32,810 | systemd | ERROR | [root] Service failed
2025-04-11 23:37:32,810 | systemd.core | ERROR | [core] Dependency not found
2025-04-11 23:37:32,810 | systemd.core.performance | CRITICAL | [perf] System target not reached
2025-04-11 23:37:32,810 | systemd | INFO | [root] Timer activated
2025-04-11 23:37:32,810 | systemd | INFO | [root] Unit loaded
2025-04-11 23:37:32,810 | systemd | WARNING | [root] Unit restart scheduled
2025-04-11 23:37:32,810 | systemd | WARNING | [root] Unit restart scheduled
2025-04-11 23:37:32,810 | systemd | ERROR | [root] Service failed
2025-04-11 23:37:32,810 | systemd | INFO | [root] Timer activated
2025-04-11 23:37:32,810 | systemd | WARNING | [root] Unit restart scheduled
2025-04-11 23:37:32,810 | systemd | WARNING | [root] Timer delay exceeded
2025-04-11 23:37:32,810 | systemd | WARNING | [root] Timer delay exceeded
2025-04-11 23:37:32,811 | systemd.core | ERROR | [core] Dependency not found
2025-04-11 23:37:32,811 | systemd | ERROR | [root] Service failed
2025-04-11 23:37:32,811 | systemd.core | CRITICAL | [core] Kernel panic
2025-04-11 23:37:32,811 | systemd | WARNING | [root] Unit restart scheduled
2025-04-11 23:37:32,811 | systemd | ERROR | [root] Dependency not found
2025-04-11 23:37:32,811 | systemd | WARNING | [root] Timer delay exceeded
2025-04-11 23:37:32,811 | systemd | ERROR | [root] Dependency not found
2025-04-11 23:37:32,811 | systemd.core | ERROR | [core] Service failed
2025-04-11 23:37:32,811 | systemd | INFO | [root] Service started
2025-04-11 23:37:32,811 | systemd | ERROR | [root] Service failed
2025-04-11 23:37:32,812 | systemd.core | ERROR | [core] Service failed
2025-04-11 23:37:32,812 | systemd | ERROR | [root] Service failed
2025-04-11 23:37:32,812 | systemd.core | ERROR | [core] Service failed
2025-04-11 23:37:32,812 | systemd | WARNING | [root] Unit restart scheduled
2025-04-11 23:37:32,812 | systemd.core | ERROR | [core] Dependency not found
2025-04-11 23:37:32,812 | systemd.core.performance | CRITICAL | [perf] Kernel panic
2025-04-11 23:37:32,812 | systemd | INFO | [root] Timer activated
2025-04-11 23:37:32,812 | systemd.core | ERROR | [core] Dependency not found
2025-04-11 23:37:32,812 | systemd | INFO | [root] Timer activated
2025-04-11 23:37:32,812 | systemd.core.performance | CRITICAL | [perf] System target not reached
2025-04-11 23:37:32,812 | systemd | WARNING | [root] Timer delay exceeded
2025-04-11 23:37:32,812 | systemd.core.performance | CRITICAL | [perf] System target not reached
2025-04-11 23:37:32,812 | systemd | ERROR | [root] Dependency not found
2025-04-11 23:37:32,812 | systemd | INFO | [root] Service started
2025-04-11 23:37:32,812 | systemd | ERROR | [root] Dependency not found
2025-04-11 23:37:32,812 | systemd | INFO | [root] Timer activated
2025-04-11 23:37:32,812 | systemd.core | CRITICAL | [core] System target not reached
2025-04-11 23:37:32,813 | systemd | INFO | [root] Service started
2025-04-11 23:37:32,813 | systemd | INFO | [root] Timer activated
2025-04-11 23:37:32,813 | systemd.core | ERROR | [core] Service failed
2025-04-11 23:37:32,813 | systemd | WARNING | [root] Unit restart scheduled
2025-04-11 23:37:32,813 | systemd | INFO | [root] Service started
2025-04-11 23:37:32,813 | systemd | ERROR | [root] Service failed
2025-04-11 23:37:32,813 | systemd | ERROR | [root] Dependency not found
2025-04-11 23:37:32,813 | systemd.core | ERROR | [core] Dependency not found
2025-04-11 23:37:32,813 | systemd | CRITICAL | [root] System target not reached
2025-04-11 23:37:32,813 | systemd.core | ERROR | [core] Dependency not found
2025-04-11 23:37:32,813 | systemd | ERROR | [root] Dependency not found
2025-04-11 23:37:32,813 | systemd | INFO | [root] Unit loaded
2025-04-11 23:37:32,813 | systemd | INFO | [root] Service started
2025-04-11 23:37:32,813 | systemd | INFO | [root] Service started
2025-04-11 23:37:32,813 | systemd | INFO | [root] Service started
2025-04-11 23:37:32,813 | systemd | INFO | [root] Service started
2025-04-11 23:37:32,814 | systemd.core | ERROR | [core] Service failed
2025-04-11 23:37:32,814 | systemd | WARNING | [root] Unit restart scheduled
2025-04-11 23:37:32,814 | systemd | INFO | [root] Timer activated
2025-04-11 23:37:32,814 | systemd | INFO | [root] Unit loaded
2025-04-11 23:37:32,814 | systemd.core | CRITICAL | [core] System target not reached
2025-04-11 23:37:32,814 | systemd | INFO | [root] Unit loaded
2025-04-11 23:37:32,814 | systemd.core.performance | CRITICAL | [perf] Kernel panic
2025-04-11 23:37:32,814 | systemd | CRITICAL | [root] System target not reached
2025-04-11 23:37:32,814 | systemd | INFO | [root] Unit loaded
2025-04-11 23:37:32,814 | systemd.core.performance | CRITICAL | [perf] System target not reached
2025-04-11 23:37:32,814 | systemd | INFO | [root] Timer activated
2025-04-11 23:37:32,815 | systemd.core | ERROR | [core] Dependency not found
2025-04-11 23:37:32,815 | systemd | INFO | [root] Unit loaded
2025-04-11 23:37:32,815 | systemd.core | CRITICAL | [core] System target not reached
2025-04-11 23:37:32,815 | systemd | WARNING | [root] Timer delay exceeded
2025-04-11 23:37:32,815 | systemd.core | ERROR | [core] Service failed
2025-04-11 23:37:32,815 | systemd | ERROR | [root] Dependency not found
2025-04-11 23:37:32,815 | systemd.core.performance | CRITICAL | [perf] Kernel panic
2025-04-11 23:37:32,815 | systemd | INFO | [root] Service started
2025-04-11 23:37:32,815 | systemd | ERROR | [root] Service failed
2025-04-11 23:37:32,815 | systemd | ERROR | [root] Dependency not found
2025-04-11 23:37:32,815 | systemd | INFO | [root] Unit loaded
2025-04-11 23:37:32,816 | systemd.core | ERROR | [core] Dependency not found
2025-04-11 23:37:32,816 | systemd | ERROR | [root] Service failed
2025-04-11 23:37:32,816 | systemd.core.performance | CRITICAL | [perf] Kernel panic
2025-04-11 23:37:32,816 | systemd | WARNING | [root] Unit restart scheduled
2025-04-11 23:37:32,816 | systemd | INFO | [root] Service started
2025-04-11 23:37:32,816 | systemd.core | ERROR | [core] Service failed
2025-04-11 23:37:32,816 | systemd | INFO | [root] Timer activated
2025-04-11 23:37:32,816 | systemd | WARNING | [root] Timer delay exceeded
2025-04-11 23:37:32,816 | systemd | CRITICAL | [root] Kernel panic
2025-04-11 23:37:32,816 | systemd | INFO | [root] Service started
2025-04-11 23:37:32,816 | systemd | INFO | [root] Service started
2025-04-11 23:37:32,816 | systemd.core | ERROR | [core] Dependency not found
2025-04-11 23:37:32,817 | systemd | CRITICAL | [root] System target not reached
2025-04-11 23:37:32,817 | systemd.core.performance | CRITICAL | [perf] Kernel panic
2025-04-11 23:37:32,817 | systemd | INFO | [root] Timer activated
2025-04-11 23:37:32,817 | systemd | INFO | [root] Unit loaded
2025-04-11 23:37:32,817 | systemd | INFO | [root] Service started
2025-04-11 23:37:32,817 | systemd.core | ERROR | [core] Dependency not found
2025-04-11 23:37:32,817 | systemd | CRITICAL | [root] Kernel panic
2025-04-11 23:37:32,817 | systemd | INFO | [root] Unit loaded
2025-04-11 23:37:32,817 | systemd | ERROR | [root] Dependency not found
2025-04-11 23:37:32,817 | systemd | INFO | [root] Unit loaded
2025-04-11 23:37:32,817 | systemd.core | CRITICAL | [core] System target not reached
2025-04-11 23:37:32,817 | systemd.core.performance | CRITICAL | [perf] System target not reached
2025-04-11 23:37:32,818 | systemd | ERROR | [root] Service failed
2025-04-11 23:37:32,818 | systemd.core | CRITICAL | [core] Kernel panic
2025-04-11 23:37:32,818 | systemd.core.performance | CRITICAL | [perf] System target not reached
2025-04-11 23:37:32,818 | systemd | INFO | [root] Timer activated
2025-04-11 23:37:32,818 | systemd.core | CRITICAL | [core] System target not reached
2025-04-11 23:37:32,818 | systemd.core.performance | CRITICAL | [perf] Kernel panic
2025-04-11 23:37:32,818 | systemd | ERROR | [root] Service failed
